#
# There is insufficient memory for the Java Runtime Environment to continue.
# Native memory allocation (malloc) failed to allocate 1024176 bytes for Chunk::new
# Possible reasons:
#   The system is out of physical RAM or swap space
#   The process is running with CompressedOops enabled, and the Java Heap may be blocking the growth of the native heap
# Possible solutions:
#   Reduce memory load on the system
#   Increase physical memory or swap space
#   Check if swap backing store is full
#   Decrease Java heap size (-Xmx/-Xms)
#   Decrease number of Java threads
#   Decrease Java thread stack sizes (-Xss)
#   Set larger code cache with -XX:ReservedCodeCacheSize=
#   JVM is running with Zero Based Compressed Oops mode in which the Java heap is
#     placed in the first 32GB address space. The Java Heap base address is the
#     maximum limit for the native heap growth. Please use -XX:HeapBaseMinAddress
#     to set the Java Heap base and to place the Java Heap above 32GB virtual address.
# This output file may be truncated or incomplete.
#
#  Out of Memory Error (allocation.cpp:390), pid=13436, tid=0x000000000000239c
#
# JRE version: Java(TM) SE Runtime Environment (8.0_201-b09) (build 1.8.0_201-b09)
# Java VM: Java HotSpot(TM) 64-Bit Server VM (25.201-b09 mixed mode windows-amd64 compressed oops)
# Failed to write core dump. Minidumps are not enabled by default on client versions of Windows
#

---------------  T H R E A D  ---------------

Current thread (0x0000000023479000):  JavaThread "C2 CompilerThread1" daemon [_thread_in_native, id=9116, stack(0x0000000023c00000,0x0000000023d00000)]

Stack: [0x0000000023c00000,0x0000000023d00000]
[error occurred during error reporting (printing stack bounds), id 0xc0000005]

Native frames: (J=compiled Java code, j=interpreted, Vv=VM code, C=native code)


Current CompileTask:
C2:  38997 5554   !   4       java.net.URLClassLoader$1::run (63 bytes)


---------------  P R O C E S S  ---------------

Java Threads: ( => current thread )
  0x000000002670f800 JavaThread "Thread-5" [_thread_in_native, id=8560, stack(0x000000002a3b0000,0x000000002a4b0000)]
  0x0000000024423000 JavaThread "Thread-4" [_thread_in_native, id=8940, stack(0x000000002a2b0000,0x000000002a3b0000)]
  0x0000000023503000 JavaThread "Service Thread" daemon [_thread_blocked, id=15280, stack(0x0000000023e00000,0x0000000023f00000)]
  0x000000002347a000 JavaThread "C1 CompilerThread2" daemon [_thread_blocked, id=3816, stack(0x0000000023d00000,0x0000000023e00000)]
=>0x0000000023479000 JavaThread "C2 CompilerThread1" daemon [_thread_in_native, id=9116, stack(0x0000000023c00000,0x0000000023d00000)]
  0x0000000023473800 JavaThread "C2 CompilerThread0" daemon [_thread_in_native, id=12244, stack(0x0000000023b00000,0x0000000023c00000)]
  0x000000002345d000 JavaThread "Monitor Ctrl-Break" daemon [_thread_in_native, id=19312, stack(0x0000000023a00000,0x0000000023b00000)]
  0x0000000021a95000 JavaThread "Attach Listener" daemon [_thread_blocked, id=19272, stack(0x0000000023900000,0x0000000023a00000)]
  0x0000000021a94000 JavaThread "Signal Dispatcher" daemon [_thread_blocked, id=10660, stack(0x0000000023800000,0x0000000023900000)]
  0x00000000037e8000 JavaThread "Finalizer" daemon [_thread_blocked, id=20652, stack(0x0000000023300000,0x0000000023400000)]
  0x0000000021a6c000 JavaThread "Reference Handler" daemon [_thread_blocked, id=19660, stack(0x0000000023200000,0x0000000023300000)]
  0x00000000036f2800 JavaThread "main" [_thread_in_native, id=11640, stack(0x00000000034f0000,0x00000000035f0000)]

Other Threads:
  0x0000000021a48800 VMThread [stack: 0x0000000023100000,0x0000000023200000] [id=12976]
  0x000000002353d800 WatcherThread [stack: 0x0000000023f00000,0x0000000024000000] [id=14824]

VM state:not at safepoint (normal execution)

VM Mutex/Monitor currently owned by a thread: None

heap address: 0x0000000642000000, size: 6112 MB, Compressed Oops mode: Zero based, Oop shift amount: 3
Narrow klass base: 0x0000000000000000, Narrow klass shift: 3
Compressed class space size: 1073741824 Address: 0x00000007c0000000

Heap:
 PSYoungGen      total 153088K, used 6989K [0x0000000740b00000, 0x000000074eb00000, 0x00000007c0000000)
  eden space 127488K, 5% used [0x0000000740b00000,0x00000007411d34f8,0x0000000748780000)
  from space 25600K, 0% used [0x0000000748780000,0x0000000748780000,0x000000074a080000)
  to   space 29184K, 0% used [0x000000074ce80000,0x000000074ce80000,0x000000074eb00000)
 ParOldGen       total 292864K, used 40792K [0x0000000642000000, 0x0000000653e00000, 0x0000000740b00000)
  object space 292864K, 13% used [0x0000000642000000,0x00000006447d6198,0x0000000653e00000)
 Metaspace       used 34775K, capacity 35582K, committed 35712K, reserved 1081344K
  class space    used 4165K, capacity 4422K, committed 4480K, reserved 1048576K

Card table byte_map: [0x0000000012bb0000,0x00000000137b0000] byte_map_base: 0x000000000f9a0000

Marking Bits: (ParMarkBitMap*) 0x00000000681b4ce0
 Begin Bits: [0x00000000145b0000, 0x000000001a530000)
 End Bits:   [0x000000001a530000, 0x00000000204b0000)

Polling page: 0x0000000001830000

CodeCache: size=245760Kb used=16360Kb max_used=16474Kb free=229399Kb
 bounds [0x00000000037f0000, 0x0000000004850000, 0x00000000127f0000]
 total_blobs=5315 nmethods=4841 adapters=386
 compilation: enabled

Compilation events (10 events):
Event: 38.782 Thread 0x000000002347a000 5610       3       java.lang.ProcessEnvironment$EntryComparator::compare (13 bytes)
Event: 38.782 Thread 0x000000002347a000 nmethod 5610 0x00000000040166d0 code [0x00000000040168a0, 0x0000000004017148]
Event: 38.782 Thread 0x000000002347a000 5611       3       java.lang.ProcessEnvironment$EntryComparator::compare (25 bytes)
Event: 38.782 Thread 0x000000002347a000 nmethod 5611 0x00000000042e3b90 code [0x00000000042e3d40, 0x00000000042e4308]
Event: 38.783 Thread 0x000000002347a000 5612       3       java.lang.ProcessEnvironment::access$300 (4 bytes)
Event: 38.783 Thread 0x000000002347a000 nmethod 5612 0x0000000003927390 code [0x00000000039274e0, 0x0000000003927610]
Event: 38.815 Thread 0x0000000023479000 nmethod 5551 0x0000000004828d10 code [0x00000000048298a0, 0x0000000004833f10]
Event: 38.816 Thread 0x0000000023479000 5601  s!   4       sun.misc.URLClassPath::getLoader (243 bytes)
Event: 38.928 Thread 0x0000000023479000 nmethod 5601 0x0000000003e63410 code [0x0000000003e637e0, 0x0000000003e68648]
Event: 38.928 Thread 0x0000000023479000 5554   !   4       java.net.URLClassLoader$1::run (63 bytes)

GC Heap History (10 events):
Event: 27.521 GC heap before
{Heap before GC invocations=5 (full 1):
 PSYoungGen      total 114176K, used 98304K [0x0000000740b00000, 0x0000000748a00000, 0x00000007c0000000)
  eden space 98304K, 100% used [0x0000000740b00000,0x0000000746b00000,0x0000000746b00000)
  from space 15872K, 0% used [0x0000000746b00000,0x0000000746b00000,0x0000000747a80000)
  to   space 15872K, 0% used [0x0000000747a80000,0x0000000747a80000,0x0000000748a00000)
 ParOldGen       total 173568K, used 13401K [0x0000000642000000, 0x000000064c980000, 0x0000000740b00000)
  object space 173568K, 7% used [0x0000000642000000,0x0000000642d165f8,0x000000064c980000)
 Metaspace       used 23346K, capacity 23902K, committed 24320K, reserved 1071104K
  class space    used 2770K, capacity 2945K, committed 3072K, reserved 1048576K
Event: 27.527 GC heap after
Heap after GC invocations=5 (full 1):
 PSYoungGen      total 114176K, used 12013K [0x0000000740b00000, 0x000000074a880000, 0x00000007c0000000)
  eden space 98304K, 0% used [0x0000000740b00000,0x0000000740b00000,0x0000000746b00000)
  from space 15872K, 75% used [0x0000000747a80000,0x000000074863b5f8,0x0000000748a00000)
  to   space 15872K, 0% used [0x0000000746b00000,0x0000000746b00000,0x0000000747a80000)
 ParOldGen       total 173568K, used 13401K [0x0000000642000000, 0x000000064c980000, 0x0000000740b00000)
  object space 173568K, 7% used [0x0000000642000000,0x0000000642d165f8,0x000000064c980000)
 Metaspace       used 23346K, capacity 23902K, committed 24320K, reserved 1071104K
  class space    used 2770K, capacity 2945K, committed 3072K, reserved 1048576K
}
Event: 28.655 GC heap before
{Heap before GC invocations=6 (full 1):
 PSYoungGen      total 114176K, used 110317K [0x0000000740b00000, 0x000000074a880000, 0x00000007c0000000)
  eden space 98304K, 100% used [0x0000000740b00000,0x0000000746b00000,0x0000000746b00000)
  from space 15872K, 75% used [0x0000000747a80000,0x000000074863b5f8,0x0000000748a00000)
  to   space 15872K, 0% used [0x0000000746b00000,0x0000000746b00000,0x0000000747a80000)
 ParOldGen       total 173568K, used 13401K [0x0000000642000000, 0x000000064c980000, 0x0000000740b00000)
  object space 173568K, 7% used [0x0000000642000000,0x0000000642d165f8,0x000000064c980000)
 Metaspace       used 28635K, capacity 29350K, committed 29568K, reserved 1075200K
  class space    used 3421K, capacity 3651K, committed 3712K, reserved 1048576K
Event: 28.666 GC heap after
Heap after GC invocations=6 (full 1):
 PSYoungGen      total 114176K, used 15864K [0x0000000740b00000, 0x000000074b500000, 0x00000007c0000000)
  eden space 98304K, 0% used [0x0000000740b00000,0x0000000740b00000,0x0000000746b00000)
  from space 15872K, 99% used [0x0000000746b00000,0x0000000747a7e318,0x0000000747a80000)
  to   space 20992K, 0% used [0x000000074a080000,0x000000074a080000,0x000000074b500000)
 ParOldGen       total 173568K, used 19344K [0x0000000642000000, 0x000000064c980000, 0x0000000740b00000)
  object space 173568K, 11% used [0x0000000642000000,0x00000006432e40f8,0x000000064c980000)
 Metaspace       used 28635K, capacity 29350K, committed 29568K, reserved 1075200K
  class space    used 3421K, capacity 3651K, committed 3712K, reserved 1048576K
}
Event: 29.583 GC heap before
{Heap before GC invocations=7 (full 1):
 PSYoungGen      total 114176K, used 114168K [0x0000000740b00000, 0x000000074b500000, 0x00000007c0000000)
  eden space 98304K, 100% used [0x0000000740b00000,0x0000000746b00000,0x0000000746b00000)
  from space 15872K, 99% used [0x0000000746b00000,0x0000000747a7e318,0x0000000747a80000)
  to   space 20992K, 0% used [0x000000074a080000,0x000000074a080000,0x000000074b500000)
 ParOldGen       total 173568K, used 19344K [0x0000000642000000, 0x000000064c980000, 0x0000000740b00000)
  object space 173568K, 11% used [0x0000000642000000,0x00000006432e40f8,0x000000064c980000)
 Metaspace       used 32294K, capacity 33102K, committed 33280K, reserved 1079296K
  class space    used 3841K, capacity 4086K, committed 4096K, reserved 1048576K
Event: 29.596 GC heap after
Heap after GC invocations=7 (full 1):
 PSYoungGen      total 148480K, used 20975K [0x0000000740b00000, 0x000000074c280000, 0x00000007c0000000)
  eden space 127488K, 0% used [0x0000000740b00000,0x0000000740b00000,0x0000000748780000)
  from space 20992K, 99% used [0x000000074a080000,0x000000074b4fbc38,0x000000074b500000)
  to   space 25600K, 0% used [0x0000000748780000,0x0000000748780000,0x000000074a080000)
 ParOldGen       total 173568K, used 23827K [0x0000000642000000, 0x000000064c980000, 0x0000000740b00000)
  object space 173568K, 13% used [0x0000000642000000,0x0000000643744eb8,0x000000064c980000)
 Metaspace       used 32294K, capacity 33102K, committed 33280K, reserved 1079296K
  class space    used 3841K, capacity 4086K, committed 4096K, reserved 1048576K
}
Event: 38.322 GC heap before
{Heap before GC invocations=8 (full 1):
 PSYoungGen      total 148480K, used 85098K [0x0000000740b00000, 0x000000074c280000, 0x00000007c0000000)
  eden space 127488K, 50% used [0x0000000740b00000,0x000000074499efa0,0x0000000748780000)
  from space 20992K, 99% used [0x000000074a080000,0x000000074b4fbc38,0x000000074b500000)
  to   space 25600K, 0% used [0x0000000748780000,0x0000000748780000,0x000000074a080000)
 ParOldGen       total 173568K, used 23827K [0x0000000642000000, 0x000000064c980000, 0x0000000740b00000)
  object space 173568K, 13% used [0x0000000642000000,0x0000000643744eb8,0x000000064c980000)
 Metaspace       used 34553K, capacity 35390K, committed 35456K, reserved 1081344K
  class space    used 4143K, capacity 4422K, committed 4480K, reserved 1048576K
Event: 38.337 GC heap after
Heap after GC invocations=8 (full 1):
 PSYoungGen      total 153088K, used 25573K [0x0000000740b00000, 0x000000074eb00000, 0x00000007c0000000)
  eden space 127488K, 0% used [0x0000000740b00000,0x0000000740b00000,0x0000000748780000)
  from space 25600K, 99% used [0x0000000748780000,0x000000074a0794c0,0x000000074a080000)
  to   space 29184K, 0% used [0x000000074ce80000,0x000000074ce80000,0x000000074eb00000)
 ParOldGen       total 173568K, used 24024K [0x0000000642000000, 0x000000064c980000, 0x0000000740b00000)
  object space 173568K, 13% used [0x0000000642000000,0x00000006437762f0,0x000000064c980000)
 Metaspace       used 34553K, capacity 35390K, committed 35456K, reserved 1081344K
  class space    used 4143K, capacity 4422K, committed 4480K, reserved 1048576K
}
Event: 38.337 GC heap before
{Heap before GC invocations=9 (full 2):
 PSYoungGen      total 153088K, used 25573K [0x0000000740b00000, 0x000000074eb00000, 0x00000007c0000000)
  eden space 127488K, 0% used [0x0000000740b00000,0x0000000740b00000,0x0000000748780000)
  from space 25600K, 99% used [0x0000000748780000,0x000000074a0794c0,0x000000074a080000)
  to   space 29184K, 0% used [0x000000074ce80000,0x000000074ce80000,0x000000074eb00000)
 ParOldGen       total 173568K, used 24024K [0x0000000642000000, 0x000000064c980000, 0x0000000740b00000)
  object space 173568K, 13% used [0x0000000642000000,0x00000006437762f0,0x000000064c980000)
 Metaspace       used 34553K, capacity 35390K, committed 35456K, reserved 1081344K
  class space    used 4143K, capacity 4422K, committed 4480K, reserved 1048576K
Event: 38.443 GC heap after
Heap after GC invocations=9 (full 2):
 PSYoungGen      total 153088K, used 0K [0x0000000740b00000, 0x000000074eb00000, 0x00000007c0000000)
  eden space 127488K, 0% used [0x0000000740b00000,0x0000000740b00000,0x0000000748780000)
  from space 25600K, 0% used [0x0000000748780000,0x0000000748780000,0x000000074a080000)
  to   space 29184K, 0% used [0x000000074ce80000,0x000000074ce80000,0x000000074eb00000)
 ParOldGen       total 292864K, used 40792K [0x0000000642000000, 0x0000000653e00000, 0x0000000740b00000)
  object space 292864K, 13% used [0x0000000642000000,0x00000006447d6198,0x0000000653e00000)
 Metaspace       used 34553K, capacity 35390K, committed 35456K, reserved 1081344K
  class space    used 4143K, capacity 4422K, committed 4480K, reserved 1048576K
}

Deoptimization events (10 events):
Event: 30.857 Thread 0x00000000036f2800 Uncommon trap: reason=null_check action=make_not_entrant pc=0x0000000004717bc4 method=org.codehaus.plexus.util.xml.Xpp3Dom.mergeIntoXpp3Dom(Lorg/codehaus/plexus/util/xml/Xpp3Dom;Lorg/codehaus/plexus/util/xml/Xpp3Dom;Ljava/lang/Boolean;)V @ 146
Event: 38.062 Thread 0x00000000036f2800 Uncommon trap: reason=unstable_if action=reinterpret pc=0x000000000392f938 method=java.util.jar.Attributes.read(Ljava/util/jar/Manifest$FastInputStream;[B)V @ 58
Event: 38.311 Thread 0x00000000036f2800 Uncommon trap: reason=unstable_if action=reinterpret pc=0x0000000003fbf61c method=java.lang.reflect.Method.equals(Ljava/lang/Object;)Z @ 49
Event: 38.763 Thread 0x00000000036f2800 Uncommon trap: reason=unstable_if action=reinterpret pc=0x00000000047c8704 method=java.lang.StringBuffer.toString()Ljava/lang/String; @ 4
Event: 38.764 Thread 0x00000000036f2800 Uncommon trap: reason=bimorphic action=maybe_recompile pc=0x0000000003f221d8 method=java.util.regex.Pattern$7.isSatisfiedBy(I)Z @ 5
Event: 38.764 Thread 0x00000000036f2800 Uncommon trap: reason=bimorphic action=maybe_recompile pc=0x0000000003f221d8 method=java.util.regex.Pattern$7.isSatisfiedBy(I)Z @ 5
Event: 38.764 Thread 0x00000000036f2800 Uncommon trap: reason=bimorphic action=maybe_recompile pc=0x0000000003f221d8 method=java.util.regex.Pattern$7.isSatisfiedBy(I)Z @ 5
Event: 38.764 Thread 0x00000000036f2800 Uncommon trap: reason=bimorphic action=maybe_recompile pc=0x0000000003f221d8 method=java.util.regex.Pattern$7.isSatisfiedBy(I)Z @ 5
Event: 38.764 Thread 0x00000000036f2800 Uncommon trap: reason=unstable_if action=reinterpret pc=0x0000000003d4e024 method=java.util.regex.Pattern$CharProperty.match(Ljava/util/regex/Matcher;ILjava/lang/CharSequence;)Z @ 40
Event: 38.769 Thread 0x00000000036f2800 Uncommon trap: reason=unstable_if action=reinterpret pc=0x0000000003b036d0 method=java.lang.AbstractStringBuilder.append(Ljava/lang/String;)Ljava/lang/AbstractStringBuilder; @ 1

Classes redefined (0 events):
No events

Internal exceptions (10 events):
Event: 33.609 Thread 0x0000000024aaf800 Exception <a 'java/net/SocketTimeoutException': Read timed out> (0x00000007427976a8) thrown at [C:\re\workspace\8-2-build-windows-amd64-cygwin\jdk8u201\12322\hotspot\src\share\vm\prims\jni.cpp, line 735]
Event: 37.795 Thread 0x00000000243eb000 Exception <a 'java/net/SocketTimeoutException': Read timed out> (0x0000000742842800) thrown at [C:\re\workspace\8-2-build-windows-amd64-cygwin\jdk8u201\12322\hotspot\src\share\vm\prims\jni.cpp, line 735]
Event: 38.204 Thread 0x00000000036f2800 Exception <a 'java/lang/NoClassDefFoundError': org/sonatype/aether/artifact/Artifact> (0x0000000743759398) thrown at [C:\re\workspace\8-2-build-windows-amd64-cygwin\jdk8u201\12322\hotspot\src\share\vm\classfile\systemDictionary.cpp, line 199]
Event: 38.218 Thread 0x00000000036f2800 Exception <a 'java/lang/NoClassDefFoundError': org/sonatype/aether/artifact/Artifact> (0x000000074398c540) thrown at [C:\re\workspace\8-2-build-windows-amd64-cygwin\jdk8u201\12322\hotspot\src\share\vm\classfile\systemDictionary.cpp, line 199]
Event: 38.220 Thread 0x00000000036f2800 Exception <a 'java/lang/NoClassDefFoundError': org/sonatype/aether/deployment/DeploymentException> (0x00000007439dd4b0) thrown at [C:\re\workspace\8-2-build-windows-amd64-cygwin\jdk8u201\12322\hotspot\src\share\vm\classfile\systemDictionary.cpp, line 199]
Event: 38.233 Thread 0x00000000036f2800 Exception <a 'java/lang/NoClassDefFoundError': org/sonatype/aether/artifact/ArtifactType> (0x0000000743bd1ed8) thrown at [C:\re\workspace\8-2-build-windows-amd64-cygwin\jdk8u201\12322\hotspot\src\share\vm\classfile\systemDictionary.cpp, line 199]
Event: 38.283 Thread 0x00000000036f2800 Exception <a 'java/lang/NoClassDefFoundError': org/sonatype/aether/installation/InstallationException> (0x0000000744411658) thrown at [C:\re\workspace\8-2-build-windows-amd64-cygwin\jdk8u201\12322\hotspot\src\share\vm\classfile\systemDictionary.cpp, line 
Event: 38.286 Thread 0x00000000036f2800 Exception <a 'java/lang/NoClassDefFoundError': org/sonatype/aether/artifact/Artifact> (0x00000007444abab0) thrown at [C:\re\workspace\8-2-build-windows-amd64-cygwin\jdk8u201\12322\hotspot\src\share\vm\classfile\systemDictionary.cpp, line 199]
Event: 38.293 Thread 0x00000000036f2800 Exception <a 'java/lang/NoClassDefFoundError': org/sonatype/aether/resolution/ArtifactDescriptorException> (0x000000074459b568) thrown at [C:\re\workspace\8-2-build-windows-amd64-cygwin\jdk8u201\12322\hotspot\src\share\vm\classfile\systemDictionary.cpp, l
Event: 38.769 Thread 0x00000000036f2800 Implicit null exception at 0x0000000003b03316 to 0x0000000003b036b9

Events (10 events):
Event: 38.782 Thread 0x000000002347a000 flushing nmethod 0x000000000423d750
Event: 38.782 Thread 0x000000002347a000 flushing nmethod 0x000000000427cfd0
Event: 38.782 Thread 0x000000002347a000 flushing nmethod 0x00000000042e3790
Event: 38.782 Thread 0x000000002347a000 flushing nmethod 0x00000000043aadd0
Event: 38.782 Thread 0x000000002347a000 flushing nmethod 0x00000000043cae50
Event: 38.782 Thread 0x000000002347a000 flushing nmethod 0x0000000004404410
Event: 38.783 Thread 0x000000002347a000 flushing nmethod 0x00000000044bea90
Event: 38.783 Thread 0x000000002347a000 flushing nmethod 0x00000000044ce2d0
Event: 38.801 Thread 0x0000000024423000 Thread added: 0x0000000024423000
Event: 38.801 Thread 0x000000002670f800 Thread added: 0x000000002670f800


Dynamic libraries:
0x00007ff6e5660000 - 0x00007ff6e5697000 	D:\Program Files\Java\jdk1.8.0_201\bin\java.exe
0x00007ffb9db60000 - 0x00007ffb9dd50000 	C:\WINDOWS\SYSTEM32\ntdll.dll
0x00007ffb9c1f0000 - 0x00007ffb9c2a2000 	C:\WINDOWS\System32\KERNEL32.DLL
0x00007ffb9aaf0000 - 0x00007ffb9ad95000 	C:\WINDOWS\System32\KERNELBASE.dll
0x00007ffb9c2c0000 - 0x00007ffb9c363000 	C:\WINDOWS\System32\ADVAPI32.dll
0x00007ffb9d4a0000 - 0x00007ffb9d53e000 	C:\WINDOWS\System32\msvcrt.dll
0x00007ffb9bca0000 - 0x00007ffb9bd37000 	C:\WINDOWS\System32\sechost.dll
0x00007ffb9bd40000 - 0x00007ffb9be60000 	C:\WINDOWS\System32\RPCRT4.dll
0x00007ffb9c380000 - 0x00007ffb9c515000 	C:\WINDOWS\System32\USER32.dll
0x00007ffb9b2e0000 - 0x00007ffb9b301000 	C:\WINDOWS\System32\win32u.dll
0x00007ffb9bc10000 - 0x00007ffb9bc36000 	C:\WINDOWS\System32\GDI32.dll
0x00007ffb9b090000 - 0x00007ffb9b226000 	C:\WINDOWS\System32\gdi32full.dll
0x00007ffb9ae80000 - 0x00007ffb9af1e000 	C:\WINDOWS\System32\msvcp_win.dll
0x00007ffb9b390000 - 0x00007ffb9b48a000 	C:\WINDOWS\System32\ucrtbase.dll
0x00007ffb8afe0000 - 0x00007ffb8b264000 	C:\WINDOWS\WinSxS\amd64_microsoft.windows.common-controls_6595b64144ccf1df_6.0.18362.1082_none_9e8193e1e45b25c1\COMCTL32.dll
0x00007ffb9cec0000 - 0x00007ffb9d1f5000 	C:\WINDOWS\System32\combase.dll
0x00007ffb9b310000 - 0x00007ffb9b390000 	C:\WINDOWS\System32\bcryptPrimitives.dll
0x00007ffb9da20000 - 0x00007ffb9da4e000 	C:\WINDOWS\System32\IMM32.DLL
0x0000000068240000 - 0x0000000068311000 	D:\Program Files\Java\jdk1.8.0_201\jre\bin\msvcr100.dll
0x0000000067990000 - 0x0000000068234000 	D:\Program Files\Java\jdk1.8.0_201\jre\bin\server\jvm.dll
0x00007ffb9c370000 - 0x00007ffb9c378000 	C:\WINDOWS\System32\PSAPI.DLL
0x00007ffb98a40000 - 0x00007ffb98a64000 	C:\WINDOWS\SYSTEM32\WINMM.dll
0x00007ffb95f60000 - 0x00007ffb95f6a000 	C:\WINDOWS\SYSTEM32\VERSION.dll
0x00007ffb8f590000 - 0x00007ffb8f599000 	C:\WINDOWS\SYSTEM32\WSOCK32.dll
0x00007ffb9d430000 - 0x00007ffb9d49f000 	C:\WINDOWS\System32\WS2_32.dll
0x00007ffb985c0000 - 0x00007ffb985ed000 	C:\WINDOWS\SYSTEM32\winmmbase.dll
0x00007ffb9ae30000 - 0x00007ffb9ae7a000 	C:\WINDOWS\System32\cfgmgr32.dll
0x00007ffb8bbe0000 - 0x00007ffb8bbef000 	D:\Program Files\Java\jdk1.8.0_201\jre\bin\verify.dll
0x00007ffb8aba0000 - 0x00007ffb8abc9000 	D:\Program Files\Java\jdk1.8.0_201\jre\bin\java.dll
0x00007ffb648a0000 - 0x00007ffb648c3000 	D:\Program Files\Java\jdk1.8.0_201\jre\bin\instrument.dll
0x00007ffb8ab80000 - 0x00007ffb8ab96000 	D:\Program Files\Java\jdk1.8.0_201\jre\bin\zip.dll
0x00007ffb9c6e0000 - 0x00007ffb9cdc7000 	C:\WINDOWS\System32\SHELL32.dll
0x00007ffb9c630000 - 0x00007ffb9c6d9000 	C:\WINDOWS\System32\shcore.dll
0x00007ffb9b490000 - 0x00007ffb9bc10000 	C:\WINDOWS\System32\windows.storage.dll
0x00007ffb9aa50000 - 0x00007ffb9aa73000 	C:\WINDOWS\System32\profapi.dll
0x00007ffb9aaa0000 - 0x00007ffb9aaea000 	C:\WINDOWS\System32\powrprof.dll
0x00007ffb9aa20000 - 0x00007ffb9aa30000 	C:\WINDOWS\System32\UMPDC.dll
0x00007ffb9c180000 - 0x00007ffb9c1d2000 	C:\WINDOWS\System32\shlwapi.dll
0x00007ffb9aa80000 - 0x00007ffb9aa91000 	C:\WINDOWS\System32\kernel.appcore.dll
0x00007ffb9b070000 - 0x00007ffb9b087000 	C:\WINDOWS\System32\cryptsp.dll
0x00007ffb93680000 - 0x00007ffb9369a000 	D:\Program Files\JetBrains\IntelliJ IDEA 2019.1\bin\breakgen64.dll
0x00007ffb8ab60000 - 0x00007ffb8ab7a000 	D:\Program Files\Java\jdk1.8.0_201\jre\bin\net.dll
0x00007ffb8e0b0000 - 0x00007ffb8e286000 	C:\WINDOWS\SYSTEM32\urlmon.dll
0x00007ffb8e290000 - 0x00007ffb8e536000 	C:\WINDOWS\SYSTEM32\iertutil.dll
0x00007ffb9a3e0000 - 0x00007ffb9a3ec000 	C:\WINDOWS\SYSTEM32\CRYPTBASE.DLL
0x00007ffb9a210000 - 0x00007ffb9a277000 	C:\WINDOWS\system32\mswsock.dll
0x00007ffb899d0000 - 0x00007ffb899e1000 	D:\Program Files\Java\jdk1.8.0_201\jre\bin\nio.dll
0x00007ffb64870000 - 0x00007ffb64894000 	D:\Program Files\Java\jdk1.8.0_201\jre\bin\sunec.dll
0x00007ffb99f20000 - 0x00007ffb99f5a000 	C:\WINDOWS\SYSTEM32\IPHLPAPI.DLL
0x00007ffb9c2b0000 - 0x00007ffb9c2b8000 	C:\WINDOWS\System32\NSI.dll
0x00007ffb951f0000 - 0x00007ffb95206000 	C:\WINDOWS\SYSTEM32\dhcpcsvc6.DLL
0x00007ffb951c0000 - 0x00007ffb951dc000 	C:\WINDOWS\SYSTEM32\dhcpcsvc.DLL
0x00007ffb99f60000 - 0x00007ffb9a02b000 	C:\WINDOWS\SYSTEM32\DNSAPI.dll
0x00007ffb99d80000 - 0x00007ffb99db3000 	C:\WINDOWS\system32\rsaenh.dll
0x00007ffb9ada0000 - 0x00007ffb9adc6000 	C:\WINDOWS\System32\bcrypt.dll
0x00007ffb9a940000 - 0x00007ffb9a965000 	C:\WINDOWS\SYSTEM32\USERENV.dll
0x00007ffb95010000 - 0x00007ffb9501a000 	C:\Windows\System32\rasadhlp.dll
0x00007ffb94520000 - 0x00007ffb94597000 	C:\WINDOWS\System32\fwpuclnt.dll
0x00007ffb86960000 - 0x00007ffb8696b000 	D:\Program Files\Java\jdk1.8.0_201\jre\bin\sunmscapi.dll
0x00007ffb9af20000 - 0x00007ffb9b069000 	C:\WINDOWS\System32\CRYPT32.dll
0x00007ffb9aa30000 - 0x00007ffb9aa42000 	C:\WINDOWS\System32\MSASN1.dll
0x00007ffb87a50000 - 0x00007ffb87a5d000 	D:\Program Files\Java\jdk1.8.0_201\jre\bin\management.dll
0x00007ffb85490000 - 0x00007ffb854a6000 	C:\WINDOWS\system32\napinsp.dll
0x00007ffb85370000 - 0x00007ffb8538a000 	C:\WINDOWS\system32\pnrpnsp.dll
0x00007ffb85360000 - 0x00007ffb8536e000 	C:\WINDOWS\System32\winrnr.dll
0x00007ffb97250000 - 0x00007ffb9726c000 	C:\WINDOWS\system32\NLAapi.dll
0x00007ffb85340000 - 0x00007ffb85355000 	C:\WINDOWS\system32\wshbth.dll

VM Arguments:
jvm_args: -Dmaven.multiModuleProjectDirectory=E:\交易所全套\tdb-server -Dmaven.home=D:\Program Files\JetBrains\IntelliJ IDEA 2019.1\plugins\maven\lib\maven3 -Dclassworlds.conf=D:\Program Files\JetBrains\IntelliJ IDEA 2019.1\plugins\maven\lib\maven3\bin\m2.conf -javaagent:D:\Program Files\JetBrains\IntelliJ IDEA 2019.1\lib\idea_rt.jar=61368:D:\Program Files\JetBrains\IntelliJ IDEA 2019.1\bin -Dfile.encoding=UTF-8 
java_command: org.codehaus.classworlds.Launcher -Didea.version2019.1 clean deploy -P release
java_class_path (initial): D:\Program Files\JetBrains\IntelliJ IDEA 2019.1\plugins\maven\lib\maven3\boot\plexus-classworlds-2.5.2.jar;D:\Program Files\JetBrains\IntelliJ IDEA 2019.1\lib\idea_rt.jar
Launcher Type: SUN_STANDARD

Environment Variables:
JAVA_HOME=D:\Program Files\Java\jdk1.8.0_201
PATH=D:\Program Files\RabbitMQ Server\rabbitmq_server-3.7.15\sbin;D:\Program Files\erl10.4\bin;D:\Program Files (x86)\gradle-5.4.1\bin;D:\Program Files\Java\jdk1.8.0_201\bin;D:\Program Files\Java\jdk1.8.0_201\jre\bin;C:\WINDOWS\system32;C:\WINDOWS;C:\WINDOWS\System32\Wbem;C:\WINDOWS\System32\WindowsPowerShell\v1.0\;C:\WINDOWS\System32\OpenSSH\;D:\Program Files\Git\cmd;D:\Program Files\JetBrains\bin;D:\Program Files\CMake\bin;D:\mingw32\bin;D:\Program Files (x86)\Gpg4win\..\GnuPG\bin;C:\Users\Administrator\AppData\Local\Microsoft\WindowsApps;C:\Users\Administrator\go\bin;C:\Users\Administrator\AppData\Local\BypassRuntm;D:\Program Files\Microsoft VS Code\bin;D:\mingw32\bin;D:\Program Files (x86)\mysql-8.0.18-winx64\bin;;C:\Users\Administrator\AppData\Local\Microsoft\WindowsApps
USERNAME=Administrator
OS=Windows_NT
PROCESSOR_IDENTIFIER=Intel64 Family 6 Model 158 Stepping 10, GenuineIntel



---------------  S Y S T E M  ---------------

OS: Windows 10.0 , 64 bit Build 18362 (10.0.18362.1082)

CPU:total 6 (initial active 6) (6 cores per cpu, 1 threads per core) family 6 model 158 stepping 10, cmov, cx8, fxsr, mmx, sse, sse2, sse3, ssse3, sse4.1, sse4.2, popcnt, avx, avx2, aes, clmul, erms, 3dnowpref, lzcnt, tsc, tscinvbit, bmi1, bmi2, adx

Memory: 4k page, physical 25033384k(6892700k free), swap 25033384k(5524k free)

vm_info: Java HotSpot(TM) 64-Bit Server VM (25.201-b09) for windows-amd64 JRE (1.8.0_201-b09), built on Dec 15 2018 18:36:39 by "java_re" with MS VC++ 10.0 (VS2010)

time: Thu Sep 24 15:54:09 2020
timezone: 中国标准时间
elapsed time: 39 seconds (0d 0h 0m 39s)

